{"/Users/sugathfernando/www/storeDashboard/services/product-management/initialize.js": {"path":"/Users/sugathfernando/www/storeDashboard/services/product-management/initialize.js","statementMap":{"0":{"start":{"line":20,"column":2},"end":{"line":27,"column":7}},"1":{"start":{"line":23,"column":6},"end":{"line":23,"column":44}},"2":{"start":{"line":26,"column":6},"end":{"line":26,"column":59}},"3":{"start":{"line":29,"column":2},"end":{"line":31,"column":3}},"4":{"start":{"line":30,"column":4},"end":{"line":30,"column":44}},"5":{"start":{"line":32,"column":2},"end":{"line":32,"column":20}},"6":{"start":{"line":33,"column":2},"end":{"line":33,"column":17}},"7":{"start":{"line":34,"column":2},"end":{"line":34,"column":46}},"8":{"start":{"line":35,"column":2},"end":{"line":35,"column":37}},"9":{"start":{"line":37,"column":2},"end":{"line":39,"column":3}},"10":{"start":{"line":38,"column":4},"end":{"line":38,"column":27}},"11":{"start":{"line":41,"column":2},"end":{"line":41,"column":55}},"12":{"start":{"line":43,"column":2},"end":{"line":43,"column":14}},"13":{"start":{"line":44,"column":2},"end":{"line":44,"column":23}},"14":{"start":{"line":45,"column":2},"end":{"line":45,"column":29}},"15":{"start":{"line":47,"column":2},"end":{"line":47,"column":54}},"16":{"start":{"line":48,"column":2},"end":{"line":48,"column":24}}},"fnMap":{"0":{"name":"(anonymous_0)","decl":{"start":{"line":18,"column":15},"end":{"line":18,"column":16}},"loc":{"start":{"line":18,"column":24},"end":{"line":49,"column":1}},"line":18},"1":{"name":"(anonymous_1)","decl":{"start":{"line":22,"column":10},"end":{"line":22,"column":11}},"loc":{"start":{"line":22,"column":16},"end":{"line":24,"column":5}},"line":22},"2":{"name":"(anonymous_2)","decl":{"start":{"line":25,"column":11},"end":{"line":25,"column":12}},"loc":{"start":{"line":25,"column":20},"end":{"line":27,"column":5}},"line":25}},"branchMap":{"0":{"loc":{"start":{"line":29,"column":2},"end":{"line":31,"column":3}},"type":"if","locations":[{"start":{"line":29,"column":2},"end":{"line":31,"column":3}},{"start":{"line":29,"column":2},"end":{"line":31,"column":3}}],"line":29},"1":{"loc":{"start":{"line":37,"column":2},"end":{"line":39,"column":3}},"type":"if","locations":[{"start":{"line":37,"column":2},"end":{"line":39,"column":3}},{"start":{"line":37,"column":2},"end":{"line":39,"column":3}}],"line":37}},"s":{"0":1,"1":1,"2":0,"3":1,"4":1,"5":1,"6":1,"7":1,"8":1,"9":1,"10":1,"11":1,"12":1,"13":1,"14":1,"15":1,"16":1},"f":{"0":1,"1":1,"2":0},"b":{"0":[1,0],"1":[1,0]},"_coverageSchema":"1a1c01bbd47fc00a2c39e90264f33305004495a9","hash":"4d6ee6fe2a6c42789e9ffa46eba519795b5cef67"}
,"/Users/sugathfernando/www/storeDashboard/services/product-management/server.js": {"path":"/Users/sugathfernando/www/storeDashboard/services/product-management/server.js","statementMap":{"0":{"start":{"line":15,"column":12},"end":{"line":15,"column":21}},"1":{"start":{"line":16,"column":0},"end":{"line":16,"column":16}},"2":{"start":{"line":19,"column":0},"end":{"line":34,"column":4}},"3":{"start":{"line":24,"column":4},"end":{"line":26,"column":5}},"4":{"start":{"line":25,"column":6},"end":{"line":25,"column":17}},"5":{"start":{"line":28,"column":21},"end":{"line":28,"column":38}},"6":{"start":{"line":29,"column":20},"end":{"line":29,"column":53}},"7":{"start":{"line":30,"column":17},"end":{"line":30,"column":46}},"8":{"start":{"line":32,"column":4},"end":{"line":32,"column":43}},"9":{"start":{"line":36,"column":26},"end":{"line":54,"column":1}},"10":{"start":{"line":56,"column":16},"end":{"line":60,"column":1}},"11":{"start":{"line":62,"column":20},"end":{"line":62,"column":41}},"12":{"start":{"line":64,"column":0},"end":{"line":64,"column":64}},"13":{"start":{"line":65,"column":13},"end":{"line":65,"column":32}},"14":{"start":{"line":66,"column":0},"end":{"line":66,"column":128}},"15":{"start":{"line":66,"column":40},"end":{"line":66,"column":126}},"16":{"start":{"line":68,"column":0},"end":{"line":70,"column":3}},"17":{"start":{"line":69,"column":2},"end":{"line":69,"column":33}}},"fnMap":{"0":{"name":"(anonymous_0)","decl":{"start":{"line":23,"column":2},"end":{"line":23,"column":3}},"loc":{"start":{"line":23,"column":19},"end":{"line":33,"column":3}},"line":23},"1":{"name":"(anonymous_1)","decl":{"start":{"line":66,"column":34},"end":{"line":66,"column":35}},"loc":{"start":{"line":66,"column":40},"end":{"line":66,"column":126}},"line":66},"2":{"name":"(anonymous_2)","decl":{"start":{"line":68,"column":33},"end":{"line":68,"column":34}},"loc":{"start":{"line":68,"column":41},"end":{"line":70,"column":1}},"line":68}},"branchMap":{"0":{"loc":{"start":{"line":24,"column":4},"end":{"line":26,"column":5}},"type":"if","locations":[{"start":{"line":24,"column":4},"end":{"line":26,"column":5}},{"start":{"line":24,"column":4},"end":{"line":26,"column":5}}],"line":24},"1":{"loc":{"start":{"line":29,"column":20},"end":{"line":29,"column":53}},"type":"binary-expr","locations":[{"start":{"line":29,"column":20},"end":{"line":29,"column":31}},{"start":{"line":29,"column":35},"end":{"line":29,"column":53}}],"line":29},"2":{"loc":{"start":{"line":30,"column":17},"end":{"line":30,"column":46}},"type":"binary-expr","locations":[{"start":{"line":30,"column":17},"end":{"line":30,"column":39}},{"start":{"line":30,"column":43},"end":{"line":30,"column":46}}],"line":30},"3":{"loc":{"start":{"line":65,"column":13},"end":{"line":65,"column":32}},"type":"binary-expr","locations":[{"start":{"line":65,"column":13},"end":{"line":65,"column":24}},{"start":{"line":65,"column":28},"end":{"line":65,"column":32}}],"line":65}},"s":{"0":1,"1":1,"2":1,"3":0,"4":0,"5":0,"6":0,"7":0,"8":0,"9":1,"10":1,"11":1,"12":1,"13":1,"14":1,"15":1,"16":1,"17":0},"f":{"0":0,"1":1,"2":0},"b":{"0":[0,0],"1":[0,0],"2":[0,0],"3":[1,0]},"_coverageSchema":"1a1c01bbd47fc00a2c39e90264f33305004495a9","hash":"e5e73a54ba4e8f865c63b92efd4f0cdd1b0a9261"}
,"/Users/sugathfernando/www/storeDashboard/services/product-management/config/config.js": {"path":"/Users/sugathfernando/www/storeDashboard/services/product-management/config/config.js","statementMap":{"0":{"start":{"line":1,"column":15},"end":{"line":29,"column":3}},"1":{"start":{"line":31,"column":2},"end":{"line":31,"column":78}},"2":{"start":{"line":33,"column":2},"end":{"line":33,"column":26}}},"fnMap":{},"branchMap":{},"s":{"0":4,"1":4,"2":4},"f":{},"b":{},"_coverageSchema":"1a1c01bbd47fc00a2c39e90264f33305004495a9","hash":"7b51d33ab4f18225affac4a642ed861b86d8562a"}
,"/Users/sugathfernando/www/storeDashboard/services/product-management/constants/messages.constant.js": {"path":"/Users/sugathfernando/www/storeDashboard/services/product-management/constants/messages.constant.js","statementMap":{"0":{"start":{"line":4,"column":44},"end":{"line":4,"column":63}},"1":{"start":{"line":6,"column":44},"end":{"line":6,"column":70}},"2":{"start":{"line":9,"column":44},"end":{"line":9,"column":91}},"3":{"start":{"line":10,"column":44},"end":{"line":10,"column":66}},"4":{"start":{"line":11,"column":44},"end":{"line":11,"column":76}},"5":{"start":{"line":12,"column":44},"end":{"line":12,"column":65}},"6":{"start":{"line":13,"column":44},"end":{"line":13,"column":59}},"7":{"start":{"line":14,"column":44},"end":{"line":14,"column":74}},"8":{"start":{"line":15,"column":44},"end":{"line":15,"column":79}},"9":{"start":{"line":16,"column":44},"end":{"line":16,"column":67}},"10":{"start":{"line":17,"column":44},"end":{"line":17,"column":119}},"11":{"start":{"line":18,"column":44},"end":{"line":18,"column":58}},"12":{"start":{"line":19,"column":44},"end":{"line":19,"column":58}},"13":{"start":{"line":20,"column":44},"end":{"line":20,"column":89}},"14":{"start":{"line":21,"column":44},"end":{"line":21,"column":75}},"15":{"start":{"line":22,"column":44},"end":{"line":22,"column":72}},"16":{"start":{"line":25,"column":44},"end":{"line":25,"column":58}},"17":{"start":{"line":26,"column":44},"end":{"line":26,"column":61}},"18":{"start":{"line":27,"column":44},"end":{"line":27,"column":63}},"19":{"start":{"line":28,"column":44},"end":{"line":28,"column":74}},"20":{"start":{"line":29,"column":44},"end":{"line":29,"column":74}},"21":{"start":{"line":32,"column":44},"end":{"line":32,"column":93}},"22":{"start":{"line":33,"column":44},"end":{"line":33,"column":69}},"23":{"start":{"line":34,"column":44},"end":{"line":34,"column":75}},"24":{"start":{"line":35,"column":44},"end":{"line":35,"column":75}},"25":{"start":{"line":36,"column":44},"end":{"line":36,"column":73}},"26":{"start":{"line":37,"column":44},"end":{"line":37,"column":65}}},"fnMap":{},"branchMap":{},"s":{"0":3,"1":3,"2":3,"3":3,"4":3,"5":3,"6":3,"7":3,"8":3,"9":3,"10":3,"11":3,"12":3,"13":3,"14":3,"15":3,"16":3,"17":3,"18":3,"19":3,"20":3,"21":3,"22":3,"23":3,"24":3,"25":3,"26":3},"f":{},"b":{},"_coverageSchema":"1a1c01bbd47fc00a2c39e90264f33305004495a9","hash":"574f3bec3950d4b3d05dec61e416ec415bafe88c"}
,"/Users/sugathfernando/www/storeDashboard/services/product-management/constants/options.constant.js": {"path":"/Users/sugathfernando/www/storeDashboard/services/product-management/constants/options.constant.js","statementMap":{"0":{"start":{"line":3,"column":30},"end":{"line":6,"column":1}}},"fnMap":{},"branchMap":{},"s":{"0":2},"f":{},"b":{},"_coverageSchema":"1a1c01bbd47fc00a2c39e90264f33305004495a9","hash":"6bdfc9d2ffee8f35e65a69f81ca44427d51c39de"}
,"/Users/sugathfernando/www/storeDashboard/services/product-management/controllers/product.controller.js": {"path":"/Users/sugathfernando/www/storeDashboard/services/product-management/controllers/product.controller.js","statementMap":{"0":{"start":{"line":5,"column":23},"end":{"line":9,"column":2}},"1":{"start":{"line":6,"column":19},"end":{"line":6,"column":59}},"2":{"start":{"line":8,"column":2},"end":{"line":8,"column":33}},"3":{"start":{"line":12,"column":23},"end":{"line":15,"column":2}},"4":{"start":{"line":13,"column":19},"end":{"line":13,"column":69}},"5":{"start":{"line":14,"column":2},"end":{"line":14,"column":33}},"6":{"start":{"line":18,"column":22},"end":{"line":23,"column":2}},"7":{"start":{"line":19,"column":19},"end":{"line":19,"column":22}},"8":{"start":{"line":20,"column":19},"end":{"line":20,"column":56}},"9":{"start":{"line":22,"column":2},"end":{"line":22,"column":33}},"10":{"start":{"line":26,"column":20},"end":{"line":38,"column":2}},"11":{"start":{"line":27,"column":15},"end":{"line":33,"column":3}},"12":{"start":{"line":35,"column":19},"end":{"line":35,"column":54}},"13":{"start":{"line":37,"column":2},"end":{"line":37,"column":33}},"14":{"start":{"line":41,"column":22},"end":{"line":44,"column":2}},"15":{"start":{"line":42,"column":19},"end":{"line":42,"column":68}},"16":{"start":{"line":43,"column":2},"end":{"line":43,"column":21}}},"fnMap":{"0":{"name":"(anonymous_0)","decl":{"start":{"line":5,"column":36},"end":{"line":5,"column":37}},"loc":{"start":{"line":5,"column":56},"end":{"line":9,"column":1}},"line":5},"1":{"name":"(anonymous_1)","decl":{"start":{"line":12,"column":36},"end":{"line":12,"column":37}},"loc":{"start":{"line":12,"column":56},"end":{"line":15,"column":1}},"line":12},"2":{"name":"(anonymous_2)","decl":{"start":{"line":18,"column":35},"end":{"line":18,"column":36}},"loc":{"start":{"line":18,"column":55},"end":{"line":23,"column":1}},"line":18},"3":{"name":"(anonymous_3)","decl":{"start":{"line":26,"column":33},"end":{"line":26,"column":34}},"loc":{"start":{"line":26,"column":53},"end":{"line":38,"column":1}},"line":26},"4":{"name":"(anonymous_4)","decl":{"start":{"line":41,"column":35},"end":{"line":41,"column":36}},"loc":{"start":{"line":41,"column":55},"end":{"line":44,"column":1}},"line":41}},"branchMap":{},"s":{"0":2,"1":1,"2":1,"3":2,"4":1,"5":0,"6":2,"7":1,"8":1,"9":1,"10":2,"11":0,"12":0,"13":0,"14":2,"15":0,"16":0},"f":{"0":1,"1":1,"2":1,"3":0,"4":0},"b":{},"_coverageSchema":"1a1c01bbd47fc00a2c39e90264f33305004495a9","hash":"c3e3f396b1116ff5149744ae43e1a397709181fa"}
,"/Users/sugathfernando/www/storeDashboard/services/product-management/enums/index.js": {"path":"/Users/sugathfernando/www/storeDashboard/services/product-management/enums/index.js","statementMap":{"0":{"start":{"line":1,"column":21},"end":{"line":4,"column":2}}},"fnMap":{},"branchMap":{},"s":{"0":2},"f":{},"b":{},"_coverageSchema":"1a1c01bbd47fc00a2c39e90264f33305004495a9","hash":"a487677515253e230ef3271be6d02d24593261c1"}
,"/Users/sugathfernando/www/storeDashboard/services/product-management/graphql/resolvers.js": {"path":"/Users/sugathfernando/www/storeDashboard/services/product-management/graphql/resolvers.js","statementMap":{"0":{"start":{"line":4,"column":16},"end":{"line":4,"column":30}},"1":{"start":{"line":6,"column":0},"end":{"line":60,"column":2}},"2":{"start":{"line":8,"column":19},"end":{"line":8,"column":21}},"3":{"start":{"line":10,"column":4},"end":{"line":14,"column":5}},"4":{"start":{"line":11,"column":6},"end":{"line":13,"column":9}},"5":{"start":{"line":16,"column":4},"end":{"line":20,"column":5}},"6":{"start":{"line":17,"column":6},"end":{"line":19,"column":9}},"7":{"start":{"line":22,"column":4},"end":{"line":26,"column":5}},"8":{"start":{"line":23,"column":6},"end":{"line":25,"column":9}},"9":{"start":{"line":28,"column":4},"end":{"line":33,"column":5}},"10":{"start":{"line":29,"column":20},"end":{"line":29,"column":46}},"11":{"start":{"line":30,"column":6},"end":{"line":30,"column":26}},"12":{"start":{"line":31,"column":6},"end":{"line":31,"column":23}},"13":{"start":{"line":32,"column":6},"end":{"line":32,"column":18}},"14":{"start":{"line":35,"column":27},"end":{"line":40,"column":6}},"15":{"start":{"line":41,"column":4},"end":{"line":46,"column":6}},"16":{"start":{"line":50,"column":21},"end":{"line":50,"column":44}},"17":{"start":{"line":51,"column":4},"end":{"line":58,"column":6}},"18":{"start":{"line":52,"column":37},"end":{"line":57,"column":7}}},"fnMap":{"0":{"name":"(anonymous_0)","decl":{"start":{"line":7,"column":2},"end":{"line":7,"column":3}},"loc":{"start":{"line":7,"column":40},"end":{"line":47,"column":3}},"line":7},"1":{"name":"(anonymous_1)","decl":{"start":{"line":49,"column":2},"end":{"line":49,"column":3}},"loc":{"start":{"line":49,"column":19},"end":{"line":59,"column":3}},"line":49},"2":{"name":"(anonymous_2)","decl":{"start":{"line":52,"column":29},"end":{"line":52,"column":30}},"loc":{"start":{"line":52,"column":37},"end":{"line":57,"column":7}},"line":52}},"branchMap":{"0":{"loc":{"start":{"line":10,"column":4},"end":{"line":14,"column":5}},"type":"if","locations":[{"start":{"line":10,"column":4},"end":{"line":14,"column":5}},{"start":{"line":10,"column":4},"end":{"line":14,"column":5}}],"line":10},"1":{"loc":{"start":{"line":10,"column":8},"end":{"line":10,"column":115}},"type":"binary-expr","locations":[{"start":{"line":10,"column":8},"end":{"line":10,"column":52}},{"start":{"line":10,"column":56},"end":{"line":10,"column":115}}],"line":10},"2":{"loc":{"start":{"line":16,"column":4},"end":{"line":20,"column":5}},"type":"if","locations":[{"start":{"line":16,"column":4},"end":{"line":20,"column":5}},{"start":{"line":16,"column":4},"end":{"line":20,"column":5}}],"line":16},"3":{"loc":{"start":{"line":16,"column":8},"end":{"line":16,"column":115}},"type":"binary-expr","locations":[{"start":{"line":16,"column":8},"end":{"line":16,"column":52}},{"start":{"line":16,"column":56},"end":{"line":16,"column":115}}],"line":16},"4":{"loc":{"start":{"line":22,"column":4},"end":{"line":26,"column":5}},"type":"if","locations":[{"start":{"line":22,"column":4},"end":{"line":26,"column":5}},{"start":{"line":22,"column":4},"end":{"line":26,"column":5}}],"line":22},"5":{"loc":{"start":{"line":28,"column":4},"end":{"line":33,"column":5}},"type":"if","locations":[{"start":{"line":28,"column":4},"end":{"line":33,"column":5}},{"start":{"line":28,"column":4},"end":{"line":33,"column":5}}],"line":28}},"s":{"0":1,"1":1,"2":0,"3":0,"4":0,"5":0,"6":0,"7":0,"8":0,"9":0,"10":0,"11":0,"12":0,"13":0,"14":0,"15":0,"16":0,"17":0,"18":0},"f":{"0":0,"1":0,"2":0},"b":{"0":[0,0],"1":[0,0],"2":[0,0],"3":[0,0],"4":[0,0],"5":[0,0]},"_coverageSchema":"1a1c01bbd47fc00a2c39e90264f33305004495a9","hash":"fb6795bfba147dabbe6e8a26f42a1141911fd968"}
,"/Users/sugathfernando/www/storeDashboard/services/product-management/graphql/schema.js": {"path":"/Users/sugathfernando/www/storeDashboard/services/product-management/graphql/schema.js","statementMap":{"0":{"start":{"line":3,"column":0},"end":{"line":31,"column":3}}},"fnMap":{},"branchMap":{},"s":{"0":1},"f":{},"b":{},"_coverageSchema":"1a1c01bbd47fc00a2c39e90264f33305004495a9","hash":"3b7874a2f14f605aa318377446783f87e157e7b9"}
,"/Users/sugathfernando/www/storeDashboard/services/product-management/middleware/asyncHandler.middleware.js": {"path":"/Users/sugathfernando/www/storeDashboard/services/product-management/middleware/asyncHandler.middleware.js","statementMap":{"0":{"start":{"line":1,"column":21},"end":{"line":7,"column":1}},"1":{"start":{"line":1,"column":34},"end":{"line":7,"column":1}},"2":{"start":{"line":2,"column":2},"end":{"line":6,"column":3}},"3":{"start":{"line":3,"column":4},"end":{"line":3,"column":34}},"4":{"start":{"line":5,"column":4},"end":{"line":5,"column":13}}},"fnMap":{"0":{"name":"(anonymous_0)","decl":{"start":{"line":1,"column":21},"end":{"line":1,"column":22}},"loc":{"start":{"line":1,"column":34},"end":{"line":7,"column":1}},"line":1},"1":{"name":"(anonymous_1)","decl":{"start":{"line":1,"column":34},"end":{"line":1,"column":35}},"loc":{"start":{"line":1,"column":60},"end":{"line":7,"column":1}},"line":1}},"branchMap":{},"s":{"0":3,"1":10,"2":3,"3":3,"4":1},"f":{"0":10,"1":3},"b":{},"_coverageSchema":"1a1c01bbd47fc00a2c39e90264f33305004495a9","hash":"39e320e9305fa26f110e1804684f37e52a0e32b0"}
,"/Users/sugathfernando/www/storeDashboard/services/product-management/middleware/authorize.middleware.js": {"path":"/Users/sugathfernando/www/storeDashboard/services/product-management/middleware/authorize.middleware.js","statementMap":{"0":{"start":{"line":1,"column":18},"end":{"line":7,"column":1}},"1":{"start":{"line":1,"column":32},"end":{"line":7,"column":1}},"2":{"start":{"line":2,"column":2},"end":{"line":5,"column":3}},"3":{"start":{"line":3,"column":4},"end":{"line":3,"column":59}},"4":{"start":{"line":6,"column":2},"end":{"line":6,"column":16}}},"fnMap":{"0":{"name":"(anonymous_0)","decl":{"start":{"line":1,"column":18},"end":{"line":1,"column":19}},"loc":{"start":{"line":1,"column":32},"end":{"line":7,"column":1}},"line":1},"1":{"name":"(anonymous_1)","decl":{"start":{"line":1,"column":32},"end":{"line":1,"column":33}},"loc":{"start":{"line":1,"column":52},"end":{"line":7,"column":1}},"line":1}},"branchMap":{"0":{"loc":{"start":{"line":2,"column":2},"end":{"line":5,"column":3}},"type":"if","locations":[{"start":{"line":2,"column":2},"end":{"line":5,"column":3}},{"start":{"line":2,"column":2},"end":{"line":5,"column":3}}],"line":2}},"s":{"0":3,"1":0,"2":0,"3":0,"4":0},"f":{"0":0,"1":0},"b":{"0":[0,0]},"_coverageSchema":"1a1c01bbd47fc00a2c39e90264f33305004495a9","hash":"3855fd6e1728a742b809211ce0141022fe460f21"}
,"/Users/sugathfernando/www/storeDashboard/services/product-management/middleware/errorHandler.middleware.js": {"path":"/Users/sugathfernando/www/storeDashboard/services/product-management/middleware/errorHandler.middleware.js","statementMap":{"0":{"start":{"line":5,"column":21},"end":{"line":34,"column":1}},"1":{"start":{"line":6,"column":14},"end":{"line":6,"column":24}},"2":{"start":{"line":7,"column":2},"end":{"line":7,"column":30}},"3":{"start":{"line":9,"column":2},"end":{"line":11,"column":3}},"4":{"start":{"line":10,"column":4},"end":{"line":10,"column":55}},"5":{"start":{"line":14,"column":2},"end":{"line":16,"column":3}},"6":{"start":{"line":15,"column":4},"end":{"line":15,"column":58}},"7":{"start":{"line":19,"column":2},"end":{"line":25,"column":3}},"8":{"start":{"line":20,"column":22},"end":{"line":20,"column":47}},"9":{"start":{"line":21,"column":40},"end":{"line":21,"column":49}},"10":{"start":{"line":23,"column":4},"end":{"line":23,"column":41}},"11":{"start":{"line":24,"column":4},"end":{"line":24,"column":27}},"12":{"start":{"line":27,"column":21},"end":{"line":27,"column":44}},"13":{"start":{"line":28,"column":2},"end":{"line":28,"column":42}},"14":{"start":{"line":30,"column":2},"end":{"line":30,"column":48}},"15":{"start":{"line":32,"column":2},"end":{"line":32,"column":57}},"16":{"start":{"line":33,"column":2},"end":{"line":33,"column":9}}},"fnMap":{"0":{"name":"(anonymous_0)","decl":{"start":{"line":5,"column":21},"end":{"line":5,"column":22}},"loc":{"start":{"line":5,"column":46},"end":{"line":34,"column":1}},"line":5}},"branchMap":{"0":{"loc":{"start":{"line":9,"column":2},"end":{"line":11,"column":3}},"type":"if","locations":[{"start":{"line":9,"column":2},"end":{"line":11,"column":3}},{"start":{"line":9,"column":2},"end":{"line":11,"column":3}}],"line":9},"1":{"loc":{"start":{"line":14,"column":2},"end":{"line":16,"column":3}},"type":"if","locations":[{"start":{"line":14,"column":2},"end":{"line":16,"column":3}},{"start":{"line":14,"column":2},"end":{"line":16,"column":3}}],"line":14},"2":{"loc":{"start":{"line":19,"column":2},"end":{"line":25,"column":3}},"type":"if","locations":[{"start":{"line":19,"column":2},"end":{"line":25,"column":3}},{"start":{"line":19,"column":2},"end":{"line":25,"column":3}}],"line":19},"3":{"loc":{"start":{"line":27,"column":21},"end":{"line":27,"column":44}},"type":"binary-expr","locations":[{"start":{"line":27,"column":21},"end":{"line":27,"column":37}},{"start":{"line":27,"column":41},"end":{"line":27,"column":44}}],"line":27},"4":{"loc":{"start":{"line":28,"column":10},"end":{"line":28,"column":41}},"type":"binary-expr","locations":[{"start":{"line":28,"column":10},"end":{"line":28,"column":23}},{"start":{"line":28,"column":27},"end":{"line":28,"column":41}}],"line":28}},"s":{"0":3,"1":1,"2":1,"3":1,"4":0,"5":1,"6":0,"7":1,"8":0,"9":0,"10":0,"11":0,"12":1,"13":1,"14":1,"15":1,"16":1},"f":{"0":1},"b":{"0":[0,1],"1":[0,1],"2":[0,1],"3":[1,0],"4":[1,0]},"_coverageSchema":"1a1c01bbd47fc00a2c39e90264f33305004495a9","hash":"440699c07a510facd02d5878ba72653213c4634c"}
,"/Users/sugathfernando/www/storeDashboard/services/product-management/middleware/index.js": {"path":"/Users/sugathfernando/www/storeDashboard/services/product-management/middleware/index.js","statementMap":{},"fnMap":{},"branchMap":{},"s":{},"f":{},"b":{},"_coverageSchema":"1a1c01bbd47fc00a2c39e90264f33305004495a9","hash":"d60dd7af05e256ce8f365f78cb26c8ad2c0364b7"}
,"/Users/sugathfernando/www/storeDashboard/services/product-management/middleware/protect.middleware.js": {"path":"/Users/sugathfernando/www/storeDashboard/services/product-management/middleware/protect.middleware.js","statementMap":{"0":{"start":{"line":4,"column":16},"end":{"line":24,"column":1}},"1":{"start":{"line":5,"column":28},"end":{"line":5,"column":39}},"2":{"start":{"line":7,"column":2},"end":{"line":7,"column":98}},"3":{"start":{"line":7,"column":22},"end":{"line":7,"column":98}},"4":{"start":{"line":8,"column":2},"end":{"line":8,"column":97}},"5":{"start":{"line":8,"column":43},"end":{"line":8,"column":97}},"6":{"start":{"line":10,"column":16},"end":{"line":10,"column":52}},"7":{"start":{"line":12,"column":2},"end":{"line":23,"column":3}},"8":{"start":{"line":13,"column":20},"end":{"line":13,"column":42}},"9":{"start":{"line":14,"column":4},"end":{"line":14,"column":36}},"10":{"start":{"line":15,"column":4},"end":{"line":15,"column":22}},"11":{"start":{"line":16,"column":4},"end":{"line":16,"column":18}},"12":{"start":{"line":18,"column":23},"end":{"line":18,"column":43}},"13":{"start":{"line":19,"column":18},"end":{"line":19,"column":45}},"14":{"start":{"line":20,"column":21},"end":{"line":20,"column":46}},"15":{"start":{"line":22,"column":4},"end":{"line":22,"column":49}}},"fnMap":{"0":{"name":"(anonymous_0)","decl":{"start":{"line":4,"column":16},"end":{"line":4,"column":17}},"loc":{"start":{"line":4,"column":42},"end":{"line":24,"column":1}},"line":4}},"branchMap":{"0":{"loc":{"start":{"line":7,"column":2},"end":{"line":7,"column":98}},"type":"if","locations":[{"start":{"line":7,"column":2},"end":{"line":7,"column":98}},{"start":{"line":7,"column":2},"end":{"line":7,"column":98}}],"line":7},"1":{"loc":{"start":{"line":8,"column":2},"end":{"line":8,"column":97}},"type":"if","locations":[{"start":{"line":8,"column":2},"end":{"line":8,"column":97}},{"start":{"line":8,"column":2},"end":{"line":8,"column":97}}],"line":8},"2":{"loc":{"start":{"line":18,"column":23},"end":{"line":18,"column":43}},"type":"binary-expr","locations":[{"start":{"line":18,"column":23},"end":{"line":18,"column":36}},{"start":{"line":18,"column":40},"end":{"line":18,"column":43}}],"line":18},"3":{"loc":{"start":{"line":19,"column":18},"end":{"line":19,"column":45}},"type":"binary-expr","locations":[{"start":{"line":19,"column":18},"end":{"line":19,"column":28}},{"start":{"line":19,"column":32},"end":{"line":19,"column":45}}],"line":19}},"s":{"0":3,"1":0,"2":0,"3":0,"4":0,"5":0,"6":0,"7":0,"8":0,"9":0,"10":0,"11":0,"12":0,"13":0,"14":0,"15":0},"f":{"0":0},"b":{"0":[0,0],"1":[0,0],"2":[0,0],"3":[0,0]},"_coverageSchema":"1a1c01bbd47fc00a2c39e90264f33305004495a9","hash":"c6b714a9ec10aa1e7e8bd46b538e9a8724574e2e"}
,"/Users/sugathfernando/www/storeDashboard/services/product-management/middleware/validation.middleware.js": {"path":"/Users/sugathfernando/www/storeDashboard/services/product-management/middleware/validation.middleware.js","statementMap":{"0":{"start":{"line":1,"column":19},"end":{"line":5,"column":1}},"1":{"start":{"line":1,"column":33},"end":{"line":5,"column":1}},"2":{"start":{"line":2,"column":20},"end":{"line":2,"column":38}},"3":{"start":{"line":3,"column":2},"end":{"line":3,"column":78}},"4":{"start":{"line":3,"column":13},"end":{"line":3,"column":78}},"5":{"start":{"line":4,"column":2},"end":{"line":4,"column":16}}},"fnMap":{"0":{"name":"(anonymous_0)","decl":{"start":{"line":1,"column":19},"end":{"line":1,"column":20}},"loc":{"start":{"line":1,"column":33},"end":{"line":5,"column":1}},"line":1},"1":{"name":"(anonymous_1)","decl":{"start":{"line":1,"column":33},"end":{"line":1,"column":34}},"loc":{"start":{"line":1,"column":53},"end":{"line":5,"column":1}},"line":1}},"branchMap":{"0":{"loc":{"start":{"line":3,"column":2},"end":{"line":3,"column":78}},"type":"if","locations":[{"start":{"line":3,"column":2},"end":{"line":3,"column":78}},{"start":{"line":3,"column":2},"end":{"line":3,"column":78}}],"line":3}},"s":{"0":3,"1":0,"2":0,"3":0,"4":0,"5":0},"f":{"0":0,"1":0},"b":{"0":[0,0]},"_coverageSchema":"1a1c01bbd47fc00a2c39e90264f33305004495a9","hash":"3e98bc30f2de7a08064671ae4ff89b859ecad8ed"}
,"/Users/sugathfernando/www/storeDashboard/services/product-management/models/index.js": {"path":"/Users/sugathfernando/www/storeDashboard/services/product-management/models/index.js","statementMap":{"0":{"start":{"line":7,"column":0},"end":{"line":7,"column":15}},"1":{"start":{"line":9,"column":17},"end":{"line":9,"column":42}},"2":{"start":{"line":10,"column":11},"end":{"line":10,"column":13}},"3":{"start":{"line":12,"column":18},"end":{"line":21,"column":1}},"4":{"start":{"line":23,"column":0},"end":{"line":30,"column":5}},"5":{"start":{"line":25,"column":4},"end":{"line":25,"column":76}},"6":{"start":{"line":28,"column":18},"end":{"line":28,"column":62}},"7":{"start":{"line":29,"column":4},"end":{"line":29,"column":27}},"8":{"start":{"line":32,"column":0},"end":{"line":36,"column":3}},"9":{"start":{"line":33,"column":2},"end":{"line":35,"column":3}},"10":{"start":{"line":34,"column":4},"end":{"line":34,"column":32}},"11":{"start":{"line":38,"column":0},"end":{"line":38,"column":25}},"12":{"start":{"line":39,"column":0},"end":{"line":39,"column":25}}},"fnMap":{"0":{"name":"(anonymous_0)","decl":{"start":{"line":24,"column":10},"end":{"line":24,"column":11}},"loc":{"start":{"line":25,"column":4},"end":{"line":25,"column":76}},"line":25},"1":{"name":"(anonymous_1)","decl":{"start":{"line":27,"column":11},"end":{"line":27,"column":12}},"loc":{"start":{"line":27,"column":21},"end":{"line":30,"column":3}},"line":27},"2":{"name":"(anonymous_2)","decl":{"start":{"line":32,"column":24},"end":{"line":32,"column":25}},"loc":{"start":{"line":32,"column":39},"end":{"line":36,"column":1}},"line":32}},"branchMap":{"0":{"loc":{"start":{"line":25,"column":4},"end":{"line":25,"column":76}},"type":"binary-expr","locations":[{"start":{"line":25,"column":4},"end":{"line":25,"column":27}},{"start":{"line":25,"column":31},"end":{"line":25,"column":48}},{"start":{"line":25,"column":52},"end":{"line":25,"column":76}}],"line":25},"1":{"loc":{"start":{"line":33,"column":2},"end":{"line":35,"column":3}},"type":"if","locations":[{"start":{"line":33,"column":2},"end":{"line":35,"column":3}},{"start":{"line":33,"column":2},"end":{"line":35,"column":3}}],"line":33}},"s":{"0":3,"1":3,"2":3,"3":3,"4":3,"5":6,"6":3,"7":3,"8":3,"9":3,"10":0,"11":3,"12":3},"f":{"0":6,"1":3,"2":3},"b":{"0":[6,6,3],"1":[0,3]},"_coverageSchema":"1a1c01bbd47fc00a2c39e90264f33305004495a9","hash":"cac9ff32effc3acd1b28b2fd2678f45039dc4a59"}
,"/Users/sugathfernando/www/storeDashboard/services/product-management/models/product.model.js": {"path":"/Users/sugathfernando/www/storeDashboard/services/product-management/models/product.model.js","statementMap":{"0":{"start":{"line":2,"column":18},"end":{"line":27,"column":3}},"1":{"start":{"line":29,"column":2},"end":{"line":29,"column":17}}},"fnMap":{"0":{"name":"(anonymous_0)","decl":{"start":{"line":1,"column":15},"end":{"line":1,"column":16}},"loc":{"start":{"line":1,"column":47},"end":{"line":30,"column":1}},"line":1}},"branchMap":{},"s":{"0":3,"1":3},"f":{"0":3},"b":{},"_coverageSchema":"1a1c01bbd47fc00a2c39e90264f33305004495a9","hash":"ff96e23bafe6f184de78534e38a5b2ea2d3fb248"}
,"/Users/sugathfernando/www/storeDashboard/services/product-management/routes/index.js": {"path":"/Users/sugathfernando/www/storeDashboard/services/product-management/routes/index.js","statementMap":{"0":{"start":{"line":6,"column":2},"end":{"line":6,"column":26}},"1":{"start":{"line":8,"column":2},"end":{"line":8,"column":40}}},"fnMap":{"0":{"name":"(anonymous_0)","decl":{"start":{"line":5,"column":15},"end":{"line":5,"column":16}},"loc":{"start":{"line":5,"column":24},"end":{"line":9,"column":1}},"line":5}},"branchMap":{},"s":{"0":1,"1":1},"f":{"0":1},"b":{},"_coverageSchema":"1a1c01bbd47fc00a2c39e90264f33305004495a9","hash":"cac5631bd1241f8a9141a5694b69b20572457cbd"}
,"/Users/sugathfernando/www/storeDashboard/services/product-management/routes/product.route.js": {"path":"/Users/sugathfernando/www/storeDashboard/services/product-management/routes/product.route.js","statementMap":{"0":{"start":{"line":13,"column":15},"end":{"line":13,"column":31}},"1":{"start":{"line":24,"column":0},"end":{"line":26,"column":23}},"2":{"start":{"line":45,"column":0},"end":{"line":47,"column":23}},"3":{"start":{"line":78,"column":0},"end":{"line":80,"column":71}},"4":{"start":{"line":118,"column":0},"end":{"line":120,"column":20}},"5":{"start":{"line":139,"column":0},"end":{"line":141,"column":25}}},"fnMap":{},"branchMap":{},"s":{"0":2,"1":2,"2":2,"3":2,"4":2,"5":2},"f":{},"b":{},"_coverageSchema":"1a1c01bbd47fc00a2c39e90264f33305004495a9","hash":"22f86b87c9f18faac85facd994ce6b5ce0bd6f84"}
,"/Users/sugathfernando/www/storeDashboard/services/product-management/services/product.service.js": {"path":"/Users/sugathfernando/www/storeDashboard/services/product-management/services/product.service.js","statementMap":{"0":{"start":{"line":10,"column":16},"end":{"line":10,"column":30}},"1":{"start":{"line":15,"column":21},"end":{"line":15,"column":44}},"2":{"start":{"line":17,"column":21},"end":{"line":20,"column":5}},"3":{"start":{"line":21,"column":4},"end":{"line":21,"column":20}},"4":{"start":{"line":26,"column":20},"end":{"line":28,"column":6}},"5":{"start":{"line":30,"column":4},"end":{"line":30,"column":66}},"6":{"start":{"line":30,"column":18},"end":{"line":30,"column":66}},"7":{"start":{"line":32,"column":21},"end":{"line":35,"column":5}},"8":{"start":{"line":37,"column":4},"end":{"line":37,"column":20}},"9":{"start":{"line":42,"column":25},"end":{"line":47,"column":6}},"10":{"start":{"line":49,"column":53},"end":{"line":49,"column":65}},"11":{"start":{"line":51,"column":21},"end":{"line":60,"column":5}},"12":{"start":{"line":62,"column":4},"end":{"line":62,"column":20}},"13":{"start":{"line":67,"column":20},"end":{"line":69,"column":6}},"14":{"start":{"line":71,"column":4},"end":{"line":71,"column":66}},"15":{"start":{"line":71,"column":18},"end":{"line":71,"column":66}},"16":{"start":{"line":73,"column":4},"end":{"line":76,"column":6}},"17":{"start":{"line":78,"column":21},"end":{"line":81,"column":5}},"18":{"start":{"line":83,"column":4},"end":{"line":83,"column":20}},"19":{"start":{"line":88,"column":20},"end":{"line":90,"column":6}},"20":{"start":{"line":92,"column":4},"end":{"line":92,"column":66}},"21":{"start":{"line":92,"column":18},"end":{"line":92,"column":66}},"22":{"start":{"line":94,"column":4},"end":{"line":96,"column":7}},"23":{"start":{"line":98,"column":21},"end":{"line":101,"column":5}},"24":{"start":{"line":103,"column":4},"end":{"line":103,"column":20}}},"fnMap":{"0":{"name":"(anonymous_0)","decl":{"start":{"line":14,"column":2},"end":{"line":14,"column":3}},"loc":{"start":{"line":14,"column":25},"end":{"line":22,"column":3}},"line":14},"1":{"name":"(anonymous_1)","decl":{"start":{"line":25,"column":2},"end":{"line":25,"column":3}},"loc":{"start":{"line":25,"column":34},"end":{"line":38,"column":3}},"line":25},"2":{"name":"(anonymous_2)","decl":{"start":{"line":41,"column":2},"end":{"line":41,"column":3}},"loc":{"start":{"line":41,"column":31},"end":{"line":63,"column":3}},"line":41},"3":{"name":"(anonymous_3)","decl":{"start":{"line":66,"column":2},"end":{"line":66,"column":3}},"loc":{"start":{"line":66,"column":26},"end":{"line":84,"column":3}},"line":66},"4":{"name":"(anonymous_4)","decl":{"start":{"line":87,"column":2},"end":{"line":87,"column":3}},"loc":{"start":{"line":87,"column":33},"end":{"line":104,"column":3}},"line":87}},"branchMap":{"0":{"loc":{"start":{"line":30,"column":4},"end":{"line":30,"column":66}},"type":"if","locations":[{"start":{"line":30,"column":4},"end":{"line":30,"column":66}},{"start":{"line":30,"column":4},"end":{"line":30,"column":66}}],"line":30},"1":{"loc":{"start":{"line":71,"column":4},"end":{"line":71,"column":66}},"type":"if","locations":[{"start":{"line":71,"column":4},"end":{"line":71,"column":66}},{"start":{"line":71,"column":4},"end":{"line":71,"column":66}}],"line":71},"2":{"loc":{"start":{"line":92,"column":4},"end":{"line":92,"column":66}},"type":"if","locations":[{"start":{"line":92,"column":4},"end":{"line":92,"column":66}},{"start":{"line":92,"column":4},"end":{"line":92,"column":66}}],"line":92}},"s":{"0":2,"1":1,"2":1,"3":1,"4":1,"5":1,"6":1,"7":0,"8":0,"9":1,"10":1,"11":1,"12":1,"13":0,"14":0,"15":0,"16":0,"17":0,"18":0,"19":0,"20":0,"21":0,"22":0,"23":0,"24":0},"f":{"0":1,"1":1,"2":1,"3":0,"4":0},"b":{"0":[1,0],"1":[0,0],"2":[0,0]},"_coverageSchema":"1a1c01bbd47fc00a2c39e90264f33305004495a9","hash":"4c74c76005f1b75115b85b50c09ac88d61e503c9"}
,"/Users/sugathfernando/www/storeDashboard/services/product-management/utils/auth.util.js": {"path":"/Users/sugathfernando/www/storeDashboard/services/product-management/utils/auth.util.js","statementMap":{"0":{"start":{"line":6,"column":21},"end":{"line":10,"column":1}},"1":{"start":{"line":7,"column":15},"end":{"line":7,"column":39}},"2":{"start":{"line":8,"column":25},"end":{"line":8,"column":58}},"3":{"start":{"line":9,"column":2},"end":{"line":9,"column":24}},"4":{"start":{"line":13,"column":23},"end":{"line":16,"column":1}},"5":{"start":{"line":14,"column":18},"end":{"line":14,"column":67}},"6":{"start":{"line":15,"column":2},"end":{"line":15,"column":17}},"7":{"start":{"line":19,"column":26},"end":{"line":28,"column":1}},"8":{"start":{"line":20,"column":82},"end":{"line":20,"column":88}},"9":{"start":{"line":21,"column":72},"end":{"line":21,"column":76}},"10":{"start":{"line":22,"column":18},"end":{"line":22,"column":64}},"11":{"start":{"line":24,"column":18},"end":{"line":24,"column":42}},"12":{"start":{"line":26,"column":16},"end":{"line":26,"column":62}},"13":{"start":{"line":27,"column":2},"end":{"line":27,"column":15}},"14":{"start":{"line":31,"column":24},"end":{"line":36,"column":1}},"15":{"start":{"line":32,"column":59},"end":{"line":32,"column":65}},"16":{"start":{"line":34,"column":18},"end":{"line":34,"column":55}},"17":{"start":{"line":35,"column":2},"end":{"line":35,"column":17}}},"fnMap":{"0":{"name":"(anonymous_0)","decl":{"start":{"line":6,"column":21},"end":{"line":6,"column":22}},"loc":{"start":{"line":6,"column":41},"end":{"line":10,"column":1}},"line":6},"1":{"name":"(anonymous_1)","decl":{"start":{"line":13,"column":23},"end":{"line":13,"column":24}},"loc":{"start":{"line":13,"column":62},"end":{"line":16,"column":1}},"line":13},"2":{"name":"(anonymous_2)","decl":{"start":{"line":19,"column":26},"end":{"line":19,"column":27}},"loc":{"start":{"line":19,"column":36},"end":{"line":28,"column":1}},"line":19},"3":{"name":"(anonymous_3)","decl":{"start":{"line":31,"column":24},"end":{"line":31,"column":25}},"loc":{"start":{"line":31,"column":35},"end":{"line":36,"column":1}},"line":31}},"branchMap":{},"s":{"0":3,"1":0,"2":0,"3":0,"4":3,"5":0,"6":0,"7":3,"8":0,"9":0,"10":0,"11":0,"12":0,"13":0,"14":3,"15":0,"16":0,"17":0},"f":{"0":0,"1":0,"2":0,"3":0},"b":{},"_coverageSchema":"1a1c01bbd47fc00a2c39e90264f33305004495a9","hash":"c8bc656cb39e8d286798d21a26eb1839c4ca4e1a"}
,"/Users/sugathfernando/www/storeDashboard/services/product-management/utils/errorResponse.util.js": {"path":"/Users/sugathfernando/www/storeDashboard/services/product-management/utils/errorResponse.util.js","statementMap":{"0":{"start":{"line":3,"column":4},"end":{"line":3,"column":19}},"1":{"start":{"line":4,"column":4},"end":{"line":4,"column":33}},"2":{"start":{"line":6,"column":4},"end":{"line":6,"column":52}}},"fnMap":{"0":{"name":"(anonymous_0)","decl":{"start":{"line":2,"column":2},"end":{"line":2,"column":3}},"loc":{"start":{"line":2,"column":35},"end":{"line":7,"column":3}},"line":2}},"branchMap":{},"s":{"0":1,"1":1,"2":1},"f":{"0":1},"b":{},"_coverageSchema":"1a1c01bbd47fc00a2c39e90264f33305004495a9","hash":"5102cc4422bf4210824f6ac2963a5c492af6def5"}
,"/Users/sugathfernando/www/storeDashboard/services/product-management/utils/logger.util.js": {"path":"/Users/sugathfernando/www/storeDashboard/services/product-management/utils/logger.util.js","statementMap":{"0":{"start":{"line":3,"column":12},"end":{"line":12,"column":2}},"1":{"start":{"line":7,"column":27},"end":{"line":7,"column":88}}},"fnMap":{"0":{"name":"(anonymous_0)","decl":{"start":{"line":7,"column":18},"end":{"line":7,"column":19}},"loc":{"start":{"line":7,"column":27},"end":{"line":7,"column":88}},"line":7}},"branchMap":{"0":{"loc":{"start":{"line":7,"column":61},"end":{"line":7,"column":86}},"type":"binary-expr","locations":[{"start":{"line":7,"column":61},"end":{"line":7,"column":72}},{"start":{"line":7,"column":76},"end":{"line":7,"column":86}}],"line":7}},"s":{"0":3,"1":3},"f":{"0":3},"b":{"0":[3,0]},"_coverageSchema":"1a1c01bbd47fc00a2c39e90264f33305004495a9","hash":"1be70c03eb1ff33368739f883137d871496b2cfa"}
,"/Users/sugathfernando/www/storeDashboard/services/product-management/utils/objectId.util.js": {"path":"/Users/sugathfernando/www/storeDashboard/services/product-management/utils/objectId.util.js","statementMap":{"0":{"start":{"line":5,"column":2},"end":{"line":5,"column":34}}},"fnMap":{"0":{"name":"(anonymous_0)","decl":{"start":{"line":4,"column":15},"end":{"line":4,"column":16}},"loc":{"start":{"line":4,"column":21},"end":{"line":6,"column":1}},"line":4}},"branchMap":{},"s":{"0":1},"f":{"0":1},"b":{},"_coverageSchema":"1a1c01bbd47fc00a2c39e90264f33305004495a9","hash":"d1b90102c1045dd51391cfd696d68751f0f4c4fd"}
,"/Users/sugathfernando/www/storeDashboard/services/product-management/validations/index.js": {"path":"/Users/sugathfernando/www/storeDashboard/services/product-management/validations/index.js","statementMap":{"0":{"start":{"line":3,"column":0},"end":{"line":3,"column":39}}},"fnMap":{},"branchMap":{},"s":{"0":2},"f":{},"b":{},"_coverageSchema":"1a1c01bbd47fc00a2c39e90264f33305004495a9","hash":"6516984713d801a566cbcc1850015914ac3010b0"}
,"/Users/sugathfernando/www/storeDashboard/services/product-management/validations/product.js": {"path":"/Users/sugathfernando/www/storeDashboard/services/product-management/validations/product.js","statementMap":{"0":{"start":{"line":3,"column":0},"end":{"line":12,"column":2}}},"fnMap":{},"branchMap":{},"s":{"0":2},"f":{},"b":{},"_coverageSchema":"1a1c01bbd47fc00a2c39e90264f33305004495a9","hash":"6e35d0da0cb1b3dbdb0e499cce885da5913b0dcd"}
}
