TN:
SF:initialize.js
FN:18,(anonymous_0)
FN:22,(anonymous_1)
FN:25,(anonymous_2)
FNF:3
FNH:2
FNDA:1,(anonymous_0)
FNDA:1,(anonymous_1)
FNDA:0,(anonymous_2)
DA:20,1
DA:23,1
DA:26,0
DA:29,1
DA:30,1
DA:32,1
DA:33,1
DA:34,1
DA:35,1
DA:37,1
DA:38,1
DA:41,1
DA:43,1
DA:44,1
DA:45,1
DA:47,1
DA:48,1
LF:17
LH:16
BRDA:29,0,0,1
BRDA:29,0,1,0
BRDA:37,1,0,1
BRDA:37,1,1,0
BRF:4
BRH:2
end_of_record
TN:
SF:server.js
FN:23,(anonymous_0)
FN:66,(anonymous_1)
FN:68,(anonymous_2)
FNF:3
FNH:1
FNDA:0,(anonymous_0)
FNDA:1,(anonymous_1)
FNDA:0,(anonymous_2)
DA:15,1
DA:16,1
DA:19,1
DA:24,0
DA:25,0
DA:28,0
DA:29,0
DA:30,0
DA:32,0
DA:36,1
DA:56,1
DA:62,1
DA:64,1
DA:65,1
DA:66,1
DA:68,1
DA:69,0
LF:17
LH:10
BRDA:24,0,0,0
BRDA:24,0,1,0
BRDA:29,1,0,0
BRDA:29,1,1,0
BRDA:30,2,0,0
BRDA:30,2,1,0
BRDA:65,3,0,1
BRDA:65,3,1,0
BRF:8
BRH:1
end_of_record
TN:
SF:config/config.js
FNF:0
FNH:0
DA:1,4
DA:31,4
DA:33,4
LF:3
LH:3
BRF:0
BRH:0
end_of_record
TN:
SF:constants/messages.constant.js
FNF:0
FNH:0
DA:4,3
DA:6,3
DA:9,3
DA:10,3
DA:11,3
DA:12,3
DA:13,3
DA:14,3
DA:15,3
DA:16,3
DA:17,3
DA:18,3
DA:19,3
DA:20,3
DA:21,3
DA:22,3
DA:25,3
DA:26,3
DA:27,3
DA:28,3
DA:29,3
DA:32,3
DA:33,3
DA:34,3
DA:35,3
DA:36,3
DA:37,3
LF:27
LH:27
BRF:0
BRH:0
end_of_record
TN:
SF:constants/options.constant.js
FNF:0
FNH:0
DA:3,2
LF:1
LH:1
BRF:0
BRH:0
end_of_record
TN:
SF:controllers/product.controller.js
FN:5,(anonymous_0)
FN:12,(anonymous_1)
FN:18,(anonymous_2)
FN:26,(anonymous_3)
FN:41,(anonymous_4)
FNF:5
FNH:3
FNDA:1,(anonymous_0)
FNDA:1,(anonymous_1)
FNDA:1,(anonymous_2)
FNDA:0,(anonymous_3)
FNDA:0,(anonymous_4)
DA:5,2
DA:6,1
DA:8,1
DA:12,2
DA:13,1
DA:14,0
DA:18,2
DA:19,1
DA:20,1
DA:22,1
DA:26,2
DA:27,0
DA:35,0
DA:37,0
DA:41,2
DA:42,0
DA:43,0
LF:17
LH:11
BRF:0
BRH:0
end_of_record
TN:
SF:enums/index.js
FNF:0
FNH:0
DA:1,2
LF:1
LH:1
BRF:0
BRH:0
end_of_record
TN:
SF:graphql/resolvers.js
FN:7,(anonymous_0)
FN:49,(anonymous_1)
FN:52,(anonymous_2)
FNF:3
FNH:0
FNDA:0,(anonymous_0)
FNDA:0,(anonymous_1)
FNDA:0,(anonymous_2)
DA:4,1
DA:6,1
DA:8,0
DA:10,0
DA:11,0
DA:16,0
DA:17,0
DA:22,0
DA:23,0
DA:28,0
DA:29,0
DA:30,0
DA:31,0
DA:32,0
DA:35,0
DA:41,0
DA:50,0
DA:51,0
DA:52,0
LF:19
LH:2
BRDA:10,0,0,0
BRDA:10,0,1,0
BRDA:10,1,0,0
BRDA:10,1,1,0
BRDA:16,2,0,0
BRDA:16,2,1,0
BRDA:16,3,0,0
BRDA:16,3,1,0
BRDA:22,4,0,0
BRDA:22,4,1,0
BRDA:28,5,0,0
BRDA:28,5,1,0
BRF:12
BRH:0
end_of_record
TN:
SF:graphql/schema.js
FNF:0
FNH:0
DA:3,1
LF:1
LH:1
BRF:0
BRH:0
end_of_record
TN:
SF:middleware/asyncHandler.middleware.js
FN:1,(anonymous_0)
FN:1,(anonymous_1)
FNF:2
FNH:2
FNDA:10,(anonymous_0)
FNDA:3,(anonymous_1)
DA:1,10
DA:2,3
DA:3,3
DA:5,1
LF:4
LH:4
BRF:0
BRH:0
end_of_record
TN:
SF:middleware/authorize.middleware.js
FN:1,(anonymous_0)
FN:1,(anonymous_1)
FNF:2
FNH:0
FNDA:0,(anonymous_0)
FNDA:0,(anonymous_1)
DA:1,3
DA:2,0
DA:3,0
DA:6,0
LF:4
LH:1
BRDA:2,0,0,0
BRDA:2,0,1,0
BRF:2
BRH:0
end_of_record
TN:
SF:middleware/errorHandler.middleware.js
FN:5,(anonymous_0)
FNF:1
FNH:1
FNDA:1,(anonymous_0)
DA:5,3
DA:6,1
DA:7,1
DA:9,1
DA:10,0
DA:14,1
DA:15,0
DA:19,1
DA:20,0
DA:21,0
DA:23,0
DA:24,0
DA:27,1
DA:28,1
DA:30,1
DA:32,1
DA:33,1
LF:17
LH:11
BRDA:9,0,0,0
BRDA:9,0,1,1
BRDA:14,1,0,0
BRDA:14,1,1,1
BRDA:19,2,0,0
BRDA:19,2,1,1
BRDA:27,3,0,1
BRDA:27,3,1,0
BRDA:28,4,0,1
BRDA:28,4,1,0
BRF:10
BRH:5
end_of_record
TN:
SF:middleware/index.js
FNF:0
FNH:0
LF:0
LH:0
BRF:0
BRH:0
end_of_record
TN:
SF:middleware/protect.middleware.js
FN:4,(anonymous_0)
FNF:1
FNH:0
FNDA:0,(anonymous_0)
DA:4,3
DA:5,0
DA:7,0
DA:8,0
DA:10,0
DA:12,0
DA:13,0
DA:14,0
DA:15,0
DA:16,0
DA:18,0
DA:19,0
DA:20,0
DA:22,0
LF:14
LH:1
BRDA:7,0,0,0
BRDA:7,0,1,0
BRDA:8,1,0,0
BRDA:8,1,1,0
BRDA:18,2,0,0
BRDA:18,2,1,0
BRDA:19,3,0,0
BRDA:19,3,1,0
BRF:8
BRH:0
end_of_record
TN:
SF:middleware/validation.middleware.js
FN:1,(anonymous_0)
FN:1,(anonymous_1)
FNF:2
FNH:0
FNDA:0,(anonymous_0)
FNDA:0,(anonymous_1)
DA:1,3
DA:2,0
DA:3,0
DA:4,0
LF:4
LH:1
BRDA:3,0,0,0
BRDA:3,0,1,0
BRF:2
BRH:0
end_of_record
TN:
SF:models/index.js
FN:24,(anonymous_0)
FN:27,(anonymous_1)
FN:32,(anonymous_2)
FNF:3
FNH:3
FNDA:6,(anonymous_0)
FNDA:3,(anonymous_1)
FNDA:3,(anonymous_2)
DA:7,3
DA:9,3
DA:10,3
DA:12,3
DA:23,3
DA:25,6
DA:28,3
DA:29,3
DA:32,3
DA:33,3
DA:34,0
DA:38,3
DA:39,3
LF:13
LH:12
BRDA:25,0,0,6
BRDA:25,0,1,6
BRDA:25,0,2,3
BRDA:33,1,0,0
BRDA:33,1,1,3
BRF:5
BRH:4
end_of_record
TN:
SF:models/product.model.js
FN:1,(anonymous_0)
FNF:1
FNH:1
FNDA:3,(anonymous_0)
DA:2,3
DA:29,3
LF:2
LH:2
BRF:0
BRH:0
end_of_record
TN:
SF:routes/index.js
FN:5,(anonymous_0)
FNF:1
FNH:1
FNDA:1,(anonymous_0)
DA:6,1
DA:8,1
LF:2
LH:2
BRF:0
BRH:0
end_of_record
TN:
SF:routes/product.route.js
FNF:0
FNH:0
DA:13,2
DA:24,2
DA:45,2
DA:78,2
DA:118,2
DA:139,2
LF:6
LH:6
BRF:0
BRH:0
end_of_record
TN:
SF:services/product.service.js
FN:14,(anonymous_0)
FN:25,(anonymous_1)
FN:41,(anonymous_2)
FN:66,(anonymous_3)
FN:87,(anonymous_4)
FNF:5
FNH:3
FNDA:1,(anonymous_0)
FNDA:1,(anonymous_1)
FNDA:1,(anonymous_2)
FNDA:0,(anonymous_3)
FNDA:0,(anonymous_4)
DA:10,2
DA:15,1
DA:17,1
DA:21,1
DA:26,1
DA:30,1
DA:32,0
DA:37,0
DA:42,1
DA:49,1
DA:51,1
DA:62,1
DA:67,0
DA:71,0
DA:73,0
DA:78,0
DA:83,0
DA:88,0
DA:92,0
DA:94,0
DA:98,0
DA:103,0
LF:22
LH:10
BRDA:30,0,0,1
BRDA:30,0,1,0
BRDA:71,1,0,0
BRDA:71,1,1,0
BRDA:92,2,0,0
BRDA:92,2,1,0
BRF:6
BRH:1
end_of_record
TN:
SF:utils/auth.util.js
FN:6,(anonymous_0)
FN:13,(anonymous_1)
FN:19,(anonymous_2)
FN:31,(anonymous_3)
FNF:4
FNH:0
FNDA:0,(anonymous_0)
FNDA:0,(anonymous_1)
FNDA:0,(anonymous_2)
FNDA:0,(anonymous_3)
DA:6,3
DA:7,0
DA:8,0
DA:9,0
DA:13,3
DA:14,0
DA:15,0
DA:19,3
DA:20,0
DA:21,0
DA:22,0
DA:24,0
DA:26,0
DA:27,0
DA:31,3
DA:32,0
DA:34,0
DA:35,0
LF:18
LH:4
BRF:0
BRH:0
end_of_record
TN:
SF:utils/errorResponse.util.js
FN:2,(anonymous_0)
FNF:1
FNH:1
FNDA:1,(anonymous_0)
DA:3,1
DA:4,1
DA:6,1
LF:3
LH:3
BRF:0
BRH:0
end_of_record
TN:
SF:utils/logger.util.js
FN:7,(anonymous_0)
FNF:1
FNH:1
FNDA:3,(anonymous_0)
DA:3,3
DA:7,3
LF:2
LH:2
BRDA:7,0,0,3
BRDA:7,0,1,0
BRF:2
BRH:1
end_of_record
TN:
SF:utils/objectId.util.js
FN:4,(anonymous_0)
FNF:1
FNH:1
FNDA:1,(anonymous_0)
DA:5,1
LF:1
LH:1
BRF:0
BRH:0
end_of_record
TN:
SF:validations/index.js
FNF:0
FNH:0
DA:3,2
LF:1
LH:1
BRF:0
BRH:0
end_of_record
TN:
SF:validations/product.js
FNF:0
FNH:0
DA:3,2
LF:1
LH:1
BRF:0
BRH:0
end_of_record
